#
# There is insufficient memory for the Java Runtime Environment to continue.
# Native memory allocation (malloc) failed to allocate 1048576 bytes. Error detail: AllocateHeap
# Possible reasons:
#   The system is out of physical RAM or swap space
#   This process is running with CompressedOops enabled, and the Java Heap may be blocking the growth of the native heap
# Possible solutions:
#   Reduce memory load on the system
#   Increase physical memory or swap space
#   Check if swap backing store is full
#   Decrease Java heap size (-Xmx/-Xms)
#   Decrease number of Java threads
#   Decrease Java thread stack sizes (-Xss)
#   Set larger code cache with -XX:ReservedCodeCacheSize=
#   JVM is running with Unscaled Compressed Oops mode in which the Java heap is
#     placed in the first 4GB address space. The Java Heap base address is the
#     maximum limit for the native heap growth. Please use -XX:HeapBaseMinAddress
#     to set the Java Heap base and to place the Java Heap above 4GB virtual address.
# This output file may be truncated or incomplete.
#
#  Out of Memory Error (allocation.cpp:44), pid=13696, tid=7444
#
# JRE version: OpenJDK Runtime Environment Temurin-17.0.11+9 (17.0.11+9) (build 17.0.11+9)
# Java VM: OpenJDK 64-Bit Server VM Temurin-17.0.11+9 (17.0.11+9, mixed mode, emulated-client, tiered, compressed oops, compressed class ptrs, g1 gc, windows-amd64)
# No core dump will be written. Minidumps are not enabled by default on client versions of Windows
#

---------------  S U M M A R Y ------------

Command Line: -Xmx1024m -Dsts.lsp.client=vscode -Dsts.log.file=/dev/null -XX:TieredStopAtLevel=1 -Xlog:jni+resolve=off -Dspring.config.location=file:c:\Users\usuario\.vscode\extensions\vmware.vscode-spring-boot-1.55.1\language-server\BOOT-INF\classes\application.properties org.springframework.ide.vscode.boot.app.BootLanguageServerBootApp

Host: Intel(R) Core(TM) i5-6200U CPU @ 2.30GHz, 4 cores, 3G,  Windows 10 , 64 bit Build 19041 (10.0.19041.4597)
Time: Fri Jul 19 15:42:43 2024 Hora est. Pacífico, Sudamérica elapsed time: 1569.674434 seconds (0d 0h 26m 9s)

---------------  T H R E A D  ---------------

Current thread (0x000001c0502b63b0):  VMThread "VM Thread" [stack: 0x000000568fb00000,0x000000568fc00000] [id=7444]

Stack: [0x000000568fb00000,0x000000568fc00000]
Native frames: (J=compiled Java code, j=interpreted, Vv=VM code, C=native code)
V  [jvm.dll+0x67d429]
V  [jvm.dll+0x834b7a]
V  [jvm.dll+0x83663e]
V  [jvm.dll+0x836ca3]
V  [jvm.dll+0x247dbf]
V  [jvm.dll+0xa6cb3]
V  [jvm.dll+0x2f8ad3]
V  [jvm.dll+0x2f4750]
V  [jvm.dll+0x2dcf67]
V  [jvm.dll+0x31fb67]
V  [jvm.dll+0x83b19b]
V  [jvm.dll+0x83bed2]
V  [jvm.dll+0x83c3ed]
V  [jvm.dll+0x83c7c4]
V  [jvm.dll+0x83c890]
V  [jvm.dll+0x7e410a]
V  [jvm.dll+0x67c315]
C  [ucrtbase.dll+0x21bb2]
C  [KERNEL32.DLL+0x17374]
C  [ntdll.dll+0x4cc91]

VM_Operation (0x0000005690bff1a0): G1CollectFull, mode: safepoint, requested by thread 0x000001c056276fe0


---------------  P R O C E S S  ---------------

Threads class SMR info:
_java_thread_list=0x000001c056299200, length=20, elements={
0x000001c050306740, 0x000001c0503075c0, 0x000001c050336810, 0x000001c0503394b0,
0x000001c05033ad90, 0x000001c05033b660, 0x000001c05033bfe0, 0x000001c05033e900,
0x000001c0506664d0, 0x000001c0506731b0, 0x000001c05578cea0, 0x000001c056276fe0,
0x000001c0562d6060, 0x000001c043c7e7c0, 0x000001c0557e5200, 0x000001c055ef5710,
0x000001c055748740, 0x000001c0563ab310, 0x000001c0563ae5d0, 0x000001c0563ad6a0
}

Java Threads: ( => current thread )
  0x000001c050306740 JavaThread "Reference Handler" daemon [_thread_blocked, id=12456, stack(0x000000568fc00000,0x000000568fd00000)]
  0x000001c0503075c0 JavaThread "Finalizer" daemon [_thread_blocked, id=12016, stack(0x000000568fd00000,0x000000568fe00000)]
  0x000001c050336810 JavaThread "Signal Dispatcher" daemon [_thread_blocked, id=20852, stack(0x000000568fe00000,0x000000568ff00000)]
  0x000001c0503394b0 JavaThread "Attach Listener" daemon [_thread_blocked, id=15664, stack(0x000000568ff00000,0x0000005690000000)]
  0x000001c05033ad90 JavaThread "Service Thread" daemon [_thread_blocked, id=7196, stack(0x0000005690000000,0x0000005690100000)]
  0x000001c05033b660 JavaThread "Monitor Deflation Thread" daemon [_thread_blocked, id=4516, stack(0x0000005690100000,0x0000005690200000)]
  0x000001c05033bfe0 JavaThread "C1 CompilerThread0" daemon [_thread_blocked, id=32, stack(0x0000005690200000,0x0000005690300000)]
  0x000001c05033e900 JavaThread "Sweeper thread" daemon [_thread_blocked, id=6160, stack(0x0000005690300000,0x0000005690400000)]
  0x000001c0506664d0 JavaThread "Notification Thread" daemon [_thread_blocked, id=10716, stack(0x0000005690400000,0x0000005690500000)]
  0x000001c0506731b0 JavaThread "Common-Cleaner" daemon [_thread_blocked, id=20632, stack(0x0000005690600000,0x0000005690700000)]
  0x000001c05578cea0 JavaThread "boundedElastic-evictor-1" daemon [_thread_blocked, id=20972, stack(0x0000005690a00000,0x0000005690b00000)]
  0x000001c056276fe0 JavaThread "pool-13-thread-1" [_thread_blocked, id=9264, stack(0x0000005690b00000,0x0000005690c00000)]
  0x000001c0562d6060 JavaThread "LanguageServerApp-lifecycle" [_thread_blocked, id=2472, stack(0x0000005690c00000,0x0000005690d00000)]
  0x000001c043c7e7c0 JavaThread "DestroyJavaVM" [_thread_blocked, id=12160, stack(0x000000568f500000,0x000000568f600000)]
  0x000001c0557e5200 JavaThread "pool-14-thread-1" [_thread_in_native, id=8972, stack(0x0000005690d00000,0x0000005690e00000)]
  0x000001c055ef5710 JavaThread "Simple-Language-Server main thread" daemon [_thread_blocked, id=20412, stack(0x0000005690e00000,0x0000005690f00000)]
  0x000001c055748740 JavaThread "parallel-1" daemon [_thread_blocked, id=16884, stack(0x0000005690f00000,0x0000005691000000)]
  0x000001c0563ab310 JavaThread "pool-6-thread-1" [_thread_blocked, id=8856, stack(0x0000005691000000,0x0000005691100000)]
  0x000001c0563ae5d0 JavaThread "parallel-2" daemon [_thread_blocked, id=4440, stack(0x0000005691100000,0x0000005691200000)]
  0x000001c0563ad6a0 JavaThread "Reconciler-1" daemon [_thread_blocked, id=19248, stack(0x0000005691200000,0x0000005691300000)]

Other Threads:
=>0x000001c0502b63b0 VMThread "VM Thread" [stack: 0x000000568fb00000,0x000000568fc00000] [id=7444]
  0x000001c0506669b0 WatcherThread [stack: 0x0000005690500000,0x0000005690600000] [id=13708]
  0x000001c045dfaa20 GCTaskThread "GC Thread#0" [stack: 0x000000568f600000,0x000000568f700000] [id=20192]
  0x000001c0505c0700 GCTaskThread "GC Thread#1" [stack: 0x0000005690700000,0x0000005690800000] [id=20720]
  0x000001c0505592a0 GCTaskThread "GC Thread#2" [stack: 0x0000005690800000,0x0000005690900000] [id=4868]
  0x000001c0558acc70 GCTaskThread "GC Thread#3" [stack: 0x0000005690900000,0x0000005690a00000] [id=14468]
  0x000001c045e03970 ConcurrentGCThread "G1 Main Marker" [stack: 0x000000568f700000,0x000000568f800000] [id=17356]
  0x000001c045e04390 ConcurrentGCThread "G1 Conc#0" [stack: 0x000000568f800000,0x000000568f900000] [id=1864]
  0x000001c045e3ffd0 ConcurrentGCThread "G1 Refine#0" [stack: 0x000000568f900000,0x000000568fa00000] [id=9568]
  0x000001c045e40a00 ConcurrentGCThread "G1 Service" [stack: 0x000000568fa00000,0x000000568fb00000] [id=16564]

Threads with active compile tasks:

VM state: at safepoint (normal execution)

VM Mutex/Monitor currently owned by a thread:  ([mutex/lock_event])
[0x000001c043bbfd50] Threads_lock - owner thread: 0x000001c0502b63b0
[0x000001c043c7ade0] Heap_lock - owner thread: 0x000001c056276fe0

Heap address: 0x00000000c0000000, size: 1024 MB, Compressed Oops mode: 32-bit

CDS archive(s) not mapped
Compressed class space mapped at: 0x0000000100000000-0x0000000140000000, reserved size: 1073741824
Narrow klass base: 0x0000000000000000, Narrow klass shift: 3, Narrow klass range: 0x140000000

GC Precious Log:
 CPUs: 4 total, 4 available
 Memory: 3934M
 Large Page Support: Disabled
 NUMA Support: Disabled
 Compressed Oops: Enabled (32-bit)
 Heap Region Size: 1M
 Heap Min Capacity: 8M
 Heap Initial Capacity: 62M
 Heap Max Capacity: 1G
 Pre-touch: Disabled
 Parallel Workers: 4
 Concurrent Workers: 1
 Concurrent Refinement Workers: 4
 Periodic GC: Disabled

Heap:
 garbage-first heap   total 63488K, used 24573K [0x00000000c0000000, 0x0000000100000000)
  region size 1024K, 1 young (1024K), 0 survivors (0K)
 Metaspace       used 39228K, committed 39872K, reserved 1114112K
  class space    used 5183K, committed 5440K, reserved 1048576K

Heap Regions: E=young(eden), S=young(survivor), O=old, HS=humongous(starts), HC=humongous(continues), CS=collection set, F=free, OA=open archive, CA=closed archive, TAMS=top-at-mark-start (previous, next)
|   0|0x00000000c0000000, 0x00000000c0100000, 0x00000000c0100000|100%|HS|  |TAMS 0x00000000c0100000, 0x00000000c0000000| Untracked 
|   1|0x00000000c0100000, 0x00000000c0200000, 0x00000000c0200000|100%|HC|  |TAMS 0x00000000c0200000, 0x00000000c0100000| Untracked 
|   2|0x00000000c0200000, 0x00000000c0300000, 0x00000000c0300000|100%|HC|  |TAMS 0x00000000c0300000, 0x00000000c0200000| Untracked 
|   3|0x00000000c0300000, 0x00000000c0400000, 0x00000000c0400000|100%|HC|  |TAMS 0x00000000c0400000, 0x00000000c0300000| Untracked 
|   4|0x00000000c0400000, 0x00000000c0500000, 0x00000000c0500000|100%| O|  |TAMS 0x00000000c0500000, 0x00000000c0400000| Untracked 
|   5|0x00000000c0500000, 0x00000000c05f46b8, 0x00000000c0600000| 95%| O|  |TAMS 0x00000000c05f46b8, 0x00000000c0500000| Untracked 
|   6|0x00000000c0600000, 0x00000000c0700000, 0x00000000c0700000|100%| O|  |TAMS 0x00000000c0700000, 0x00000000c0600000| Untracked 
|   7|0x00000000c0700000, 0x00000000c0800000, 0x00000000c0800000|100%| O|  |TAMS 0x00000000c0800000, 0x00000000c0700000| Untracked 
|   8|0x00000000c0800000, 0x00000000c0900000, 0x00000000c0900000|100%| O|  |TAMS 0x00000000c0900000, 0x00000000c0800000| Untracked 
|   9|0x00000000c0900000, 0x00000000c09fffe8, 0x00000000c0a00000| 99%| O|  |TAMS 0x00000000c09fffe8, 0x00000000c0900000| Untracked 
|  10|0x00000000c0a00000, 0x00000000c0b00000, 0x00000000c0b00000|100%|HS|  |TAMS 0x00000000c0b00000, 0x00000000c0a00000| Untracked 
|  11|0x00000000c0b00000, 0x00000000c0c00000, 0x00000000c0c00000|100%|HC|  |TAMS 0x00000000c0c00000, 0x00000000c0b00000| Untracked 
|  12|0x00000000c0c00000, 0x00000000c0d00000, 0x00000000c0d00000|100%| O|  |TAMS 0x00000000c0d00000, 0x00000000c0c00000| Untracked 
|  13|0x00000000c0d00000, 0x00000000c0dfff18, 0x00000000c0e00000| 99%| O|  |TAMS 0x00000000c0dfff18, 0x00000000c0d00000| Untracked 
|  14|0x00000000c0e00000, 0x00000000c0f00000, 0x00000000c0f00000|100%| O|  |TAMS 0x00000000c0f00000, 0x00000000c0e00000| Untracked 
|  15|0x00000000c0f00000, 0x00000000c0ffff58, 0x00000000c1000000| 99%| O|  |TAMS 0x00000000c0ffff58, 0x00000000c0f00000| Untracked 
|  16|0x00000000c1000000, 0x00000000c10fffa0, 0x00000000c1100000| 99%| O|  |TAMS 0x00000000c10fffa0, 0x00000000c1000000| Untracked 
|  17|0x00000000c1100000, 0x00000000c11fffb8, 0x00000000c1200000| 99%| O|  |TAMS 0x00000000c11fffb8, 0x00000000c1100000| Untracked 
|  18|0x00000000c1200000, 0x00000000c12ffff8, 0x00000000c1300000| 99%| O|  |TAMS 0x00000000c12ffff8, 0x00000000c1200000| Untracked 
|  19|0x00000000c1300000, 0x00000000c13ffff8, 0x00000000c1400000| 99%| O|  |TAMS 0x00000000c13ffff8, 0x00000000c1300000| Untracked 
|  20|0x00000000c1400000, 0x00000000c1500000, 0x00000000c1500000|100%| O|  |TAMS 0x00000000c1500000, 0x00000000c1400000| Untracked 
|  21|0x00000000c1500000, 0x00000000c15fffb8, 0x00000000c1600000| 99%| O|  |TAMS 0x00000000c15fffb8, 0x00000000c1500000| Untracked 
|  22|0x00000000c1600000, 0x00000000c16ffff0, 0x00000000c1700000| 99%| O|  |TAMS 0x00000000c16ffff0, 0x00000000c1600000| Untracked 
|  23|0x00000000c1700000, 0x00000000c1800000, 0x00000000c1800000|100%| O|  |TAMS 0x00000000c1800000, 0x00000000c1700000| Untracked 
|  24|0x00000000c1800000, 0x00000000c1808f88, 0x00000000c1900000|  3%| O|  |TAMS 0x00000000c1800000, 0x00000000c1800000| Untracked 
|  25|0x00000000c1900000, 0x00000000c1902250, 0x00000000c1a00000|  0%| O|  |TAMS 0x00000000c1900000, 0x00000000c1900000| Untracked 
|  26|0x00000000c1a00000, 0x00000000c1a00000, 0x00000000c1b00000|  0%| F|  |TAMS 0x00000000c1a00000, 0x00000000c1a00000| Untracked 
|  27|0x00000000c1b00000, 0x00000000c1b00000, 0x00000000c1c00000|  0%| F|  |TAMS 0x00000000c1b00000, 0x00000000c1b00000| Untracked 
|  28|0x00000000c1c00000, 0x00000000c1c00000, 0x00000000c1d00000|  0%| F|  |TAMS 0x00000000c1c00000, 0x00000000c1c00000| Untracked 
|  29|0x00000000c1d00000, 0x00000000c1d00000, 0x00000000c1e00000|  0%| F|  |TAMS 0x00000000c1d00000, 0x00000000c1d00000| Untracked 
|  30|0x00000000c1e00000, 0x00000000c1e00000, 0x00000000c1f00000|  0%| F|  |TAMS 0x00000000c1e00000, 0x00000000c1e00000| Untracked 
|  31|0x00000000c1f00000, 0x00000000c1f00000, 0x00000000c2000000|  0%| F|  |TAMS 0x00000000c1f00000, 0x00000000c1f00000| Untracked 
|  32|0x00000000c2000000, 0x00000000c2000000, 0x00000000c2100000|  0%| F|  |TAMS 0x00000000c2000000, 0x00000000c2000000| Untracked 
|  33|0x00000000c2100000, 0x00000000c2100000, 0x00000000c2200000|  0%| F|  |TAMS 0x00000000c2100000, 0x00000000c2100000| Untracked 
|  34|0x00000000c2200000, 0x00000000c2200000, 0x00000000c2300000|  0%| F|  |TAMS 0x00000000c2200000, 0x00000000c2200000| Untracked 
|  35|0x00000000c2300000, 0x00000000c2300000, 0x00000000c2400000|  0%| F|  |TAMS 0x00000000c2300000, 0x00000000c2300000| Untracked 
|  36|0x00000000c2400000, 0x00000000c2400000, 0x00000000c2500000|  0%| F|  |TAMS 0x00000000c2400000, 0x00000000c2400000| Untracked 
|  37|0x00000000c2500000, 0x00000000c2500000, 0x00000000c2600000|  0%| F|  |TAMS 0x00000000c2500000, 0x00000000c2500000| Untracked 
|  38|0x00000000c2600000, 0x00000000c2600000, 0x00000000c2700000|  0%| F|  |TAMS 0x00000000c2600000, 0x00000000c2600000| Untracked 
|  39|0x00000000c2700000, 0x00000000c2700000, 0x00000000c2800000|  0%| F|  |TAMS 0x00000000c2700000, 0x00000000c2700000| Untracked 
|  40|0x00000000c2800000, 0x00000000c2800000, 0x00000000c2900000|  0%| F|  |TAMS 0x00000000c2800000, 0x00000000c2800000| Untracked 
|  41|0x00000000c2900000, 0x00000000c2900000, 0x00000000c2a00000|  0%| F|  |TAMS 0x00000000c2900000, 0x00000000c2900000| Untracked 
|  42|0x00000000c2a00000, 0x00000000c2a00000, 0x00000000c2b00000|  0%| F|  |TAMS 0x00000000c2a00000, 0x00000000c2a00000| Untracked 
|  43|0x00000000c2b00000, 0x00000000c2b00000, 0x00000000c2c00000|  0%| F|  |TAMS 0x00000000c2b00000, 0x00000000c2b00000| Untracked 
|  44|0x00000000c2c00000, 0x00000000c2c00000, 0x00000000c2d00000|  0%| F|  |TAMS 0x00000000c2c00000, 0x00000000c2c00000| Untracked 
|  45|0x00000000c2d00000, 0x00000000c2d00000, 0x00000000c2e00000|  0%| F|  |TAMS 0x00000000c2d00000, 0x00000000c2d00000| Untracked 
|  46|0x00000000c2e00000, 0x00000000c2e00000, 0x00000000c2f00000|  0%| F|  |TAMS 0x00000000c2e00000, 0x00000000c2e00000| Untracked 
|  47|0x00000000c2f00000, 0x00000000c2f00000, 0x00000000c3000000|  0%| F|  |TAMS 0x00000000c2f00000, 0x00000000c2f00000| Untracked 
|  48|0x00000000c3000000, 0x00000000c3000000, 0x00000000c3100000|  0%| F|  |TAMS 0x00000000c3000000, 0x00000000c3000000| Untracked 
|  49|0x00000000c3100000, 0x00000000c3100000, 0x00000000c3200000|  0%| F|  |TAMS 0x00000000c3100000, 0x00000000c3100000| Untracked 
|  50|0x00000000c3200000, 0x00000000c3200000, 0x00000000c3300000|  0%| F|  |TAMS 0x00000000c3200000, 0x00000000c3200000| Untracked 
|  51|0x00000000c3300000, 0x00000000c3300000, 0x00000000c3400000|  0%| F|  |TAMS 0x00000000c3300000, 0x00000000c3300000| Untracked 
|  52|0x00000000c3400000, 0x00000000c3400000, 0x00000000c3500000|  0%| F|  |TAMS 0x00000000c3400000, 0x00000000c3400000| Untracked 
|  53|0x00000000c3500000, 0x00000000c3500000, 0x00000000c3600000|  0%| F|  |TAMS 0x00000000c3500000, 0x00000000c3500000| Untracked 
|  54|0x00000000c3600000, 0x00000000c3600000, 0x00000000c3700000|  0%| F|  |TAMS 0x00000000c3600000, 0x00000000c3600000| Untracked 
|  55|0x00000000c3700000, 0x00000000c3700000, 0x00000000c3800000|  0%| F|  |TAMS 0x00000000c3700000, 0x00000000c3700000| Untracked 
|  56|0x00000000c3800000, 0x00000000c3800000, 0x00000000c3900000|  0%| F|  |TAMS 0x00000000c3800000, 0x00000000c3800000| Untracked 
|  57|0x00000000c3900000, 0x00000000c3900000, 0x00000000c3a00000|  0%| F|  |TAMS 0x00000000c3900000, 0x00000000c3900000| Untracked 
|  58|0x00000000c3a00000, 0x00000000c3a00000, 0x00000000c3b00000|  0%| F|  |TAMS 0x00000000c3a00000, 0x00000000c3a00000| Untracked 
|  59|0x00000000c3b00000, 0x00000000c3b00000, 0x00000000c3c00000|  0%| F|  |TAMS 0x00000000c3b00000, 0x00000000c3b00000| Untracked 
|  60|0x00000000c3c00000, 0x00000000c3c00000, 0x00000000c3d00000|  0%| F|  |TAMS 0x00000000c3c00000, 0x00000000c3c00000| Untracked 
|  61|0x00000000c3d00000, 0x00000000c3d38548, 0x00000000c3e00000| 22%| E|  |TAMS 0x00000000c3d00000, 0x00000000c3d00000| Complete 

Card table byte_map: [0x000001c04ba50000,0x000001c04bc50000] _byte_map_base: 0x000001c04b450000

Marking Bits (Prev, Next): (CMBitMap*) 0x000001c045dfb040, (CMBitMap*) 0x000001c045dfb080
 Prev Bits: [0x000001c04be50000, 0x000001c04ce50000)
 Next Bits: [0x000001c04ce50000, 0x000001c04de50000)

Polling page: 0x000001c043d60000

Metaspace:

Usage:
  Non-class:     33.25 MB used.
      Class:      5.06 MB used.
       Both:     38.31 MB used.

Virtual space:
  Non-class space:       64.00 MB reserved,      33.62 MB ( 53%) committed,  1 nodes.
      Class space:        1.00 GB reserved,       5.31 MB ( <1%) committed,  1 nodes.
             Both:        1.06 GB reserved,      38.94 MB (  4%) committed. 

Chunk freelists:
   Non-Class:  14.27 MB
       Class:  10.82 MB
        Both:  25.09 MB

MaxMetaspaceSize: unlimited
CompressedClassSpaceSize: 1.00 GB
Initial GC threshold: 21.00 MB
Current GC threshold: 64.94 MB
CDS: off
MetaspaceReclaimPolicy: balanced
 - commit_granule_bytes: 65536.
 - commit_granule_words: 8192.
 - virtual_space_node_default_size: 8388608.
 - enlarge_chunks_in_place: 1.
 - new_chunks_are_fully_committed: 0.
 - uncommit_free_chunks: 1.
 - use_allocation_guard: 0.
 - handle_deallocations: 1.


Internal statistics:

num_allocs_failed_limit: 8.
num_arena_births: 504.
num_arena_deaths: 152.
num_vsnodes_births: 2.
num_vsnodes_deaths: 0.
num_space_committed: 623.
num_space_uncommitted: 0.
num_chunks_returned_to_freelist: 178.
num_chunks_taken_from_freelist: 1676.
num_chunk_merges: 53.
num_chunk_splits: 1160.
num_chunks_enlarged: 880.
num_inconsistent_stats: 0.

CodeCache: size=49152Kb used=6761Kb max_used=6761Kb free=42391Kb
 bounds [0x000001c048a50000, 0x000001c0490f0000, 0x000001c04ba50000]
 total_blobs=4185 nmethods=3639 adapters=473
 compilation: enabled
              stopped_count=0, restarted_count=0
 full_count=0

Compilation events (20 events):
Event: 1369.920 Thread 0x000001c05033bfe0 3633       1       java.util.concurrent.ScheduledThreadPoolExecutor$ScheduledFutureTask::setNextRunTime (38 bytes)
Event: 1369.922 Thread 0x000001c05033bfe0 nmethod 3633 0x000001c0490e7990 code [0x000001c0490e7b40, 0x000001c0490e7d28]
Event: 1369.922 Thread 0x000001c05033bfe0 3634       1       java.util.concurrent.ScheduledThreadPoolExecutor::reExecutePeriodic (49 bytes)
Event: 1369.925 Thread 0x000001c05033bfe0 nmethod 3634 0x000001c0490e7e10 code [0x000001c0490e8000, 0x000001c0490e8248]
Event: 1400.642 Thread 0x000001c05033bfe0 3635       1       org.springframework.ide.vscode.commons.languageserver.util.SimpleLanguageServer::getParentProcessId (5 bytes)
Event: 1400.652 Thread 0x000001c05033bfe0 nmethod 3635 0x000001c0490e8410 code [0x000001c0490e85a0, 0x000001c0490e8678]
Event: 1432.323 Thread 0x000001c05033bfe0 3636       1       java.io.FileInputStream::<init> (59 bytes)
Event: 1432.339 Thread 0x000001c05033bfe0 nmethod 3636 0x000001c0490e8710 code [0x000001c0490e8900, 0x000001c0490e8dc8]
Event: 1432.340 Thread 0x000001c05033bfe0 3637       1       java.lang.Process$PipeInputStream::<init> (6 bytes)
Event: 1432.340 Thread 0x000001c05033bfe0 nmethod 3637 0x000001c0490e9010 code [0x000001c0490e91a0, 0x000001c0490e9288]
Event: 1432.698 Thread 0x000001c05033bfe0 3638       1       java.lang.ProcessImpl::exitValue (28 bytes)
Event: 1432.740 Thread 0x000001c05033bfe0 nmethod 3638 0x000001c0490e9310 code [0x000001c0490e94c0, 0x000001c0490e9618]
Event: 1432.740 Thread 0x000001c05033bfe0 3641   !   1       com.google.common.io.Closeables::closeQuietly (19 bytes)
Event: 1432.747 Thread 0x000001c05033bfe0 nmethod 3641 0x000001c0490e9710 code [0x000001c0490e98c0, 0x000001c0490e9a38]
Event: 1432.748 Thread 0x000001c05033bfe0 3639       1       java.lang.ProcessImpl::getInputStream (5 bytes)
Event: 1432.748 Thread 0x000001c05033bfe0 nmethod 3639 0x000001c0490e9b10 code [0x000001c0490e9ca0, 0x000001c0490e9d78]
Event: 1432.748 Thread 0x000001c05033bfe0 3640       1       java.lang.ProcessImpl::getErrorStream (5 bytes)
Event: 1432.748 Thread 0x000001c05033bfe0 nmethod 3640 0x000001c0490e9e10 code [0x000001c0490e9fa0, 0x000001c0490ea078]
Event: 1432.749 Thread 0x000001c05033bfe0 3642       1       java.lang.ProcessImpl::getOutputStream (5 bytes)
Event: 1432.749 Thread 0x000001c05033bfe0 nmethod 3642 0x000001c0490ea110 code [0x000001c0490ea2a0, 0x000001c0490ea378]

GC Heap History (20 events):
Event: 1464.044 GC heap before
{Heap before GC invocations=144 (full 130):
 garbage-first heap   total 63488K, used 24573K [0x00000000c0000000, 0x0000000100000000)
  region size 1024K, 1 young (1024K), 0 survivors (0K)
 Metaspace       used 39228K, committed 39872K, reserved 1114112K
  class space    used 5183K, committed 5440K, reserved 1048576K
}
Event: 1464.083 GC heap after
{Heap after GC invocations=145 (full 131):
 garbage-first heap   total 63488K, used 24573K [0x00000000c0000000, 0x0000000100000000)
  region size 1024K, 0 young (0K), 0 survivors (0K)
 Metaspace       used 39228K, committed 39872K, reserved 1114112K
  class space    used 5183K, committed 5440K, reserved 1048576K
}
Event: 1474.541 GC heap before
{Heap before GC invocations=145 (full 131):
 garbage-first heap   total 63488K, used 24573K [0x00000000c0000000, 0x0000000100000000)
  region size 1024K, 1 young (1024K), 0 survivors (0K)
 Metaspace       used 39228K, committed 39872K, reserved 1114112K
  class space    used 5183K, committed 5440K, reserved 1048576K
}
Event: 1474.573 GC heap after
{Heap after GC invocations=146 (full 132):
 garbage-first heap   total 63488K, used 24573K [0x00000000c0000000, 0x0000000100000000)
  region size 1024K, 0 young (0K), 0 survivors (0K)
 Metaspace       used 39228K, committed 39872K, reserved 1114112K
  class space    used 5183K, committed 5440K, reserved 1048576K
}
Event: 1485.137 GC heap before
{Heap before GC invocations=146 (full 132):
 garbage-first heap   total 63488K, used 24573K [0x00000000c0000000, 0x0000000100000000)
  region size 1024K, 1 young (1024K), 0 survivors (0K)
 Metaspace       used 39228K, committed 39872K, reserved 1114112K
  class space    used 5183K, committed 5440K, reserved 1048576K
}
Event: 1485.191 GC heap after
{Heap after GC invocations=147 (full 133):
 garbage-first heap   total 63488K, used 24573K [0x00000000c0000000, 0x0000000100000000)
  region size 1024K, 0 young (0K), 0 survivors (0K)
 Metaspace       used 39228K, committed 39872K, reserved 1114112K
  class space    used 5183K, committed 5440K, reserved 1048576K
}
Event: 1495.926 GC heap before
{Heap before GC invocations=147 (full 133):
 garbage-first heap   total 63488K, used 24573K [0x00000000c0000000, 0x0000000100000000)
  region size 1024K, 1 young (1024K), 0 survivors (0K)
 Metaspace       used 39228K, committed 39872K, reserved 1114112K
  class space    used 5183K, committed 5440K, reserved 1048576K
}
Event: 1495.963 GC heap after
{Heap after GC invocations=148 (full 134):
 garbage-first heap   total 63488K, used 24573K [0x00000000c0000000, 0x0000000100000000)
  region size 1024K, 0 young (0K), 0 survivors (0K)
 Metaspace       used 39228K, committed 39872K, reserved 1114112K
  class space    used 5183K, committed 5440K, reserved 1048576K
}
Event: 1506.356 GC heap before
{Heap before GC invocations=148 (full 134):
 garbage-first heap   total 63488K, used 24573K [0x00000000c0000000, 0x0000000100000000)
  region size 1024K, 1 young (1024K), 0 survivors (0K)
 Metaspace       used 39228K, committed 39872K, reserved 1114112K
  class space    used 5183K, committed 5440K, reserved 1048576K
}
Event: 1506.394 GC heap after
{Heap after GC invocations=149 (full 135):
 garbage-first heap   total 63488K, used 24573K [0x00000000c0000000, 0x0000000100000000)
  region size 1024K, 0 young (0K), 0 survivors (0K)
 Metaspace       used 39228K, committed 39872K, reserved 1114112K
  class space    used 5183K, committed 5440K, reserved 1048576K
}
Event: 1517.707 GC heap before
{Heap before GC invocations=149 (full 135):
 garbage-first heap   total 63488K, used 24573K [0x00000000c0000000, 0x0000000100000000)
  region size 1024K, 1 young (1024K), 0 survivors (0K)
 Metaspace       used 39228K, committed 39872K, reserved 1114112K
  class space    used 5183K, committed 5440K, reserved 1048576K
}
Event: 1517.751 GC heap after
{Heap after GC invocations=150 (full 136):
 garbage-first heap   total 63488K, used 24573K [0x00000000c0000000, 0x0000000100000000)
  region size 1024K, 0 young (0K), 0 survivors (0K)
 Metaspace       used 39228K, committed 39872K, reserved 1114112K
  class space    used 5183K, committed 5440K, reserved 1048576K
}
Event: 1528.103 GC heap before
{Heap before GC invocations=150 (full 136):
 garbage-first heap   total 63488K, used 24573K [0x00000000c0000000, 0x0000000100000000)
  region size 1024K, 1 young (1024K), 0 survivors (0K)
 Metaspace       used 39228K, committed 39872K, reserved 1114112K
  class space    used 5183K, committed 5440K, reserved 1048576K
}
Event: 1528.149 GC heap after
{Heap after GC invocations=151 (full 137):
 garbage-first heap   total 63488K, used 24573K [0x00000000c0000000, 0x0000000100000000)
  region size 1024K, 0 young (0K), 0 survivors (0K)
 Metaspace       used 39228K, committed 39872K, reserved 1114112K
  class space    used 5183K, committed 5440K, reserved 1048576K
}
Event: 1538.425 GC heap before
{Heap before GC invocations=151 (full 137):
 garbage-first heap   total 63488K, used 24573K [0x00000000c0000000, 0x0000000100000000)
  region size 1024K, 1 young (1024K), 0 survivors (0K)
 Metaspace       used 39228K, committed 39872K, reserved 1114112K
  class space    used 5183K, committed 5440K, reserved 1048576K
}
Event: 1538.455 GC heap after
{Heap after GC invocations=152 (full 138):
 garbage-first heap   total 63488K, used 24573K [0x00000000c0000000, 0x0000000100000000)
  region size 1024K, 0 young (0K), 0 survivors (0K)
 Metaspace       used 39228K, committed 39872K, reserved 1114112K
  class space    used 5183K, committed 5440K, reserved 1048576K
}
Event: 1548.839 GC heap before
{Heap before GC invocations=152 (full 138):
 garbage-first heap   total 63488K, used 24573K [0x00000000c0000000, 0x0000000100000000)
  region size 1024K, 1 young (1024K), 0 survivors (0K)
 Metaspace       used 39228K, committed 39872K, reserved 1114112K
  class space    used 5183K, committed 5440K, reserved 1048576K
}
Event: 1548.876 GC heap after
{Heap after GC invocations=153 (full 139):
 garbage-first heap   total 63488K, used 24573K [0x00000000c0000000, 0x0000000100000000)
  region size 1024K, 0 young (0K), 0 survivors (0K)
 Metaspace       used 39228K, committed 39872K, reserved 1114112K
  class space    used 5183K, committed 5440K, reserved 1048576K
}
Event: 1559.202 GC heap before
{Heap before GC invocations=153 (full 139):
 garbage-first heap   total 63488K, used 24573K [0x00000000c0000000, 0x0000000100000000)
  region size 1024K, 1 young (1024K), 0 survivors (0K)
 Metaspace       used 39228K, committed 39872K, reserved 1114112K
  class space    used 5183K, committed 5440K, reserved 1048576K
}
Event: 1559.239 GC heap after
{Heap after GC invocations=154 (full 140):
 garbage-first heap   total 63488K, used 24573K [0x00000000c0000000, 0x0000000100000000)
  region size 1024K, 0 young (0K), 0 survivors (0K)
 Metaspace       used 39228K, committed 39872K, reserved 1114112K
  class space    used 5183K, committed 5440K, reserved 1048576K
}

Dll operation events (8 events):
Event: 0.142 Loaded shared library c:\Users\usuario\.vscode\extensions\redhat.java-1.32.0-win32-x64\jre\17.0.11-win32-x86_64\bin\java.dll
Event: 2.316 Loaded shared library C:\Users\usuario\.vscode\extensions\redhat.java-1.32.0-win32-x64\jre\17.0.11-win32-x86_64\bin\net.dll
Event: 2.328 Loaded shared library C:\Users\usuario\.vscode\extensions\redhat.java-1.32.0-win32-x64\jre\17.0.11-win32-x86_64\bin\nio.dll
Event: 4.091 Loaded shared library C:\Users\usuario\.vscode\extensions\redhat.java-1.32.0-win32-x64\jre\17.0.11-win32-x86_64\bin\zip.dll
Event: 25.988 Loaded shared library C:\Users\usuario\.vscode\extensions\redhat.java-1.32.0-win32-x64\jre\17.0.11-win32-x86_64\bin\jimage.dll
Event: 31.763 Loaded shared library c:\Users\usuario\.vscode\extensions\redhat.java-1.32.0-win32-x64\jre\17.0.11-win32-x86_64\bin\verify.dll
Event: 54.527 Loaded shared library C:\Users\usuario\.vscode\extensions\redhat.java-1.32.0-win32-x64\jre\17.0.11-win32-x86_64\bin\management.dll
Event: 54.552 Loaded shared library C:\Users\usuario\.vscode\extensions\redhat.java-1.32.0-win32-x64\jre\17.0.11-win32-x86_64\bin\management_ext.dll

Deoptimization events (4 events):
Event: 55.762 Thread 0x000001c0557e5200 DEOPT PACKING pc=0x000001c048e68e01 sp=0x0000005690dfd9e0
Event: 55.763 Thread 0x000001c0557e5200 DEOPT UNPACKING pc=0x000001c048aa7143 sp=0x0000005690dfce70 mode 3
Event: 55.822 Thread 0x000001c055ef5710 DEOPT PACKING pc=0x000001c048e46c97 sp=0x0000005690efefd0
Event: 55.822 Thread 0x000001c055ef5710 DEOPT UNPACKING pc=0x000001c048aa7143 sp=0x0000005690efe428 mode 3

Classes unloaded (20 events):
Event: 105.182 Thread 0x000001c0502b63b0 Unloading class 0x0000000100094800 'java/lang/invoke/LambdaForm$MH+0x0000000100094800'
Event: 105.182 Thread 0x000001c0502b63b0 Unloading class 0x0000000100094400 'java/lang/invoke/LambdaForm$MH+0x0000000100094400'
Event: 105.182 Thread 0x000001c0502b63b0 Unloading class 0x000000010008e800 'java/lang/invoke/LambdaForm$MH+0x000000010008e800'
Event: 105.182 Thread 0x000001c0502b63b0 Unloading class 0x000000010008e400 'java/lang/invoke/LambdaForm$MH+0x000000010008e400'
Event: 105.182 Thread 0x000001c0502b63b0 Unloading class 0x000000010008e000 'java/lang/invoke/LambdaForm$MH+0x000000010008e000'
Event: 105.182 Thread 0x000001c0502b63b0 Unloading class 0x000000010008dc00 'java/lang/invoke/LambdaForm$MH+0x000000010008dc00'
Event: 105.182 Thread 0x000001c0502b63b0 Unloading class 0x000000010008d800 'java/lang/invoke/LambdaForm$MH+0x000000010008d800'
Event: 105.182 Thread 0x000001c0502b63b0 Unloading class 0x000000010008d400 'java/lang/invoke/LambdaForm$MH+0x000000010008d400'
Event: 105.182 Thread 0x000001c0502b63b0 Unloading class 0x000000010008cc00 'java/lang/invoke/LambdaForm$MH+0x000000010008cc00'
Event: 105.182 Thread 0x000001c0502b63b0 Unloading class 0x000000010008c800 'java/lang/invoke/LambdaForm$MH+0x000000010008c800'
Event: 105.182 Thread 0x000001c0502b63b0 Unloading class 0x000000010008c000 'java/lang/invoke/LambdaForm$MH+0x000000010008c000'
Event: 105.182 Thread 0x000001c0502b63b0 Unloading class 0x000000010008bc00 'java/lang/invoke/LambdaForm$MH+0x000000010008bc00'
Event: 105.182 Thread 0x000001c0502b63b0 Unloading class 0x000000010008ac00 'java/lang/invoke/LambdaForm$MH+0x000000010008ac00'
Event: 105.182 Thread 0x000001c0502b63b0 Unloading class 0x000000010008a400 'java/lang/invoke/LambdaForm$MH+0x000000010008a400'
Event: 105.182 Thread 0x000001c0502b63b0 Unloading class 0x000000010008a000 'java/lang/invoke/LambdaForm$MH+0x000000010008a000'
Event: 105.182 Thread 0x000001c0502b63b0 Unloading class 0x0000000100089c00 'java/lang/invoke/LambdaForm$MH+0x0000000100089c00'
Event: 105.182 Thread 0x000001c0502b63b0 Unloading class 0x0000000100089800 'java/lang/invoke/LambdaForm$MH+0x0000000100089800'
Event: 105.182 Thread 0x000001c0502b63b0 Unloading class 0x0000000100089400 'java/lang/invoke/LambdaForm$MH+0x0000000100089400'
Event: 105.182 Thread 0x000001c0502b63b0 Unloading class 0x0000000100088c00 'java/lang/invoke/LambdaForm$MH+0x0000000100088c00'
Event: 105.182 Thread 0x000001c0502b63b0 Unloading class 0x0000000100088400 'java/lang/invoke/LambdaForm$MH+0x0000000100088400'

Classes redefined (0 events):
No events

Internal exceptions (20 events):
Event: 38.428 Thread 0x000001c043c7e7c0 Exception <a 'java/lang/NoSuchMethodError'{0x00000000c3419128}: 'java.lang.Object java.lang.invoke.DirectMethodHandle$Holder.invokeSpecial(java.lang.Object, java.lang.Object, int, java.lang.Object, java.lang.Object)'> (0x00000000c3419128) 
thrown [s\src\hotspot\share\interpreter\linkResolver.cpp, line 759]
Event: 38.428 Thread 0x000001c043c7e7c0 Exception <a 'java/lang/NoSuchMethodError'{0x00000000c341cdd0}: 'java.lang.Object java.lang.invoke.DelegatingMethodHandle$Holder.delegate(java.lang.Object, int, java.lang.Object, java.lang.Object)'> (0x00000000c341cdd0) 
thrown [s\src\hotspot\share\interpreter\linkResolver.cpp, line 759]
Event: 38.431 Thread 0x000001c043c7e7c0 Exception <a 'java/lang/NoSuchMethodError'{0x00000000c342dc58}: 'int java.lang.invoke.Invokers$Holder.linkToTargetMethod(java.lang.Object, java.lang.Object, java.lang.Object)'> (0x00000000c342dc58) 
thrown [s\src\hotspot\share\interpreter\linkResolver.cpp, line 759]
Event: 38.684 Thread 0x000001c043c7e7c0 Exception <a 'java/lang/NoSuchMethodError'{0x00000000c30e6dc0}: 'java.lang.Object java.lang.invoke.DirectMethodHandle$Holder.invokeStaticInit(java.lang.Object, int, int, int, int)'> (0x00000000c30e6dc0) 
thrown [s\src\hotspot\share\interpreter\linkResolver.cpp, line 759]
Event: 38.915 Thread 0x000001c043c7e7c0 Exception <a 'java/lang/NoSuchMethodError'{0x00000000c2fc8b38}: 'java.lang.Object java.lang.invoke.DirectMethodHandle$Holder.invokeStaticInit(java.lang.Object, java.lang.Object, int, int, int, int)'> (0x00000000c2fc8b38) 
thrown [s\src\hotspot\share\interpreter\linkResolver.cpp, line 759]
Event: 39.654 Thread 0x000001c043c7e7c0 Exception <a 'java/lang/NoSuchMethodError'{0x00000000c3b5e3c8}: 'void java.lang.invoke.DirectMethodHandle$Holder.invokeSpecialIFC(java.lang.Object, java.lang.Object, java.lang.Object)'> (0x00000000c3b5e3c8) 
thrown [s\src\hotspot\share\interpreter\linkResolver.cpp, line 759]
Event: 42.745 Thread 0x000001c043c7e7c0 Exception <a 'java/lang/NoSuchMethodError'{0x00000000c2ae37f8}: 'int java.lang.invoke.DirectMethodHandle$Holder.invokeStaticInit(java.lang.Object, java.lang.Object, int, java.lang.Object)'> (0x00000000c2ae37f8) 
thrown [s\src\hotspot\share\interpreter\linkResolver.cpp, line 759]
Event: 44.349 Thread 0x000001c043c7e7c0 Exception <a 'java/lang/NoSuchMethodError'{0x00000000c3d07bd8}: 'void java.lang.invoke.DirectMethodHandle$Holder.invokeSpecial(java.lang.Object, java.lang.Object, java.lang.Object, java.lang.Object, java.lang.Object, java.lang.Object, java.lang.Object)'> (0x00000000c3d07bd8) 
thrown [s\src\hotspot\share\interpreter\linkResolver.cpp, line 759]
Event: 50.882 Thread 0x000001c043c7e7c0 Exception <a 'java/lang/NoSuchMethodError'{0x00000000c3832708}: 'java.lang.Object java.lang.invoke.DirectMethodHandle$Holder.invokeInterface(java.lang.Object, java.lang.Object, int)'> (0x00000000c3832708) 
thrown [s\src\hotspot\share\interpreter\linkResolver.cpp, line 759]
Event: 50.907 Thread 0x000001c043c7e7c0 Exception <a 'java/lang/IncompatibleClassChangeError'{0x00000000c38494e0}: Found class java.lang.Object, but interface was expected> (0x00000000c38494e0) 
thrown [s\src\hotspot\share\interpreter\linkResolver.cpp, line 826]
Event: 54.490 Thread 0x000001c043c7e7c0 Exception <a 'java/lang/NoSuchMethodError'{0x00000000c385ac98}: 'java.lang.Object java.lang.invoke.DirectMethodHandle$Holder.newInvokeSpecial(java.lang.Object, java.lang.Object, int, java.lang.Object, java.lang.Object)'> (0x00000000c385ac98) 
thrown [s\src\hotspot\share\interpreter\linkResolver.cpp, line 759]
Event: 54.493 Thread 0x000001c043c7e7c0 Exception <a 'java/lang/NoSuchMethodError'{0x00000000c386e3b8}: 'java.lang.Object java.lang.invoke.DirectMethodHandle$Holder.invokeSpecial(java.lang.Object, java.lang.Object, int, java.lang.Object, int, java.lang.Object)'> (0x00000000c386e3b8) 
thrown [s\src\hotspot\share\interpreter\linkResolver.cpp, line 759]
Event: 54.494 Thread 0x000001c043c7e7c0 Exception <a 'java/lang/NoSuchMethodError'{0x00000000c38761c0}: 'java.lang.Object java.lang.invoke.DirectMethodHandle$Holder.newInvokeSpecial(java.lang.Object, java.lang.Object, int, java.lang.Object, int)'> (0x00000000c38761c0) 
thrown [s\src\hotspot\share\interpreter\linkResolver.cpp, line 759]
Event: 54.494 Thread 0x000001c043c7e7c0 Exception <a 'java/lang/NoSuchMethodError'{0x00000000c387a2c0}: 'java.lang.Object java.lang.invoke.DirectMethodHandle$Holder.invokeSpecial(java.lang.Object, java.lang.Object, java.lang.Object, int, java.lang.Object, int)'> (0x00000000c387a2c0) 
thrown [s\src\hotspot\share\interpreter\linkResolver.cpp, line 759]
Event: 55.677 Thread 0x000001c055ef5710 Exception <a 'java/lang/NoSuchMethodError'{0x00000000c2c57c80}: 'java.lang.Object java.lang.invoke.DirectMethodHandle$Holder.invokeStatic(java.lang.Object, int, java.lang.Object)'> (0x00000000c2c57c80) 
thrown [s\src\hotspot\share\interpreter\linkResolver.cpp, line 759]
Event: 55.688 Thread 0x000001c0557e5200 Exception <a 'java/lang/NoSuchMethodError'{0x00000000c2ca1d70}: 'java.lang.Object java.lang.invoke.DirectMethodHandle$Holder.invokeStatic(java.lang.Object, java.lang.Object, java.lang.Object, int, java.lang.Object, java.lang.Object)'> (0x00000000c2ca1d70) 
thrown [s\src\hotspot\share\interpreter\linkResolver.cpp, line 759]
Event: 56.959 Thread 0x000001c0563ad6a0 Exception <a 'java/lang/NoSuchMethodError'{0x00000000c396e760}: 'int java.lang.invoke.DirectMethodHandle$Holder.invokeStatic(java.lang.Object)'> (0x00000000c396e760) 
thrown [s\src\hotspot\share\interpreter\linkResolver.cpp, line 759]
Event: 56.959 Thread 0x000001c0563ad6a0 Exception <a 'java/lang/NoSuchMethodError'{0x00000000c3971b60}: 'int java.lang.invoke.DirectMethodHandle$Holder.invokeStaticInit(java.lang.Object)'> (0x00000000c3971b60) 
thrown [s\src\hotspot\share\interpreter\linkResolver.cpp, line 759]
Event: 94.521 Thread 0x000001c056276fe0 Exception <a 'java/lang/NoSuchMethodError'{0x00000000c39d0cb0}: 'void java.lang.invoke.DirectMethodHandle$Holder.invokeStatic(java.lang.Object, long)'> (0x00000000c39d0cb0) 
thrown [s\src\hotspot\share\interpreter\linkResolver.cpp, line 759]
Event: 94.521 Thread 0x000001c056276fe0 Exception <a 'java/lang/NoSuchMethodError'{0x00000000c39d6058}: 'java.lang.Object java.lang.invoke.DirectMethodHandle$Holder.newInvokeSpecial(java.lang.Object, long)'> (0x00000000c39d6058) 
thrown [s\src\hotspot\share\interpreter\linkResolver.cpp, line 759]

VM Operations (20 events):
Event: 1464.083 Executing VM operation: G1CollectFull done
Event: 1474.540 Executing VM operation: G1CollectFull
Event: 1474.573 Executing VM operation: G1CollectFull done
Event: 1485.137 Executing VM operation: G1CollectFull
Event: 1485.191 Executing VM operation: G1CollectFull done
Event: 1495.926 Executing VM operation: G1CollectFull
Event: 1495.963 Executing VM operation: G1CollectFull done
Event: 1506.356 Executing VM operation: G1CollectFull
Event: 1506.394 Executing VM operation: G1CollectFull done
Event: 1517.701 Executing VM operation: G1CollectFull
Event: 1517.751 Executing VM operation: G1CollectFull done
Event: 1528.102 Executing VM operation: G1CollectFull
Event: 1528.150 Executing VM operation: G1CollectFull done
Event: 1538.425 Executing VM operation: G1CollectFull
Event: 1538.455 Executing VM operation: G1CollectFull done
Event: 1548.839 Executing VM operation: G1CollectFull
Event: 1548.876 Executing VM operation: G1CollectFull done
Event: 1559.202 Executing VM operation: G1CollectFull
Event: 1559.239 Executing VM operation: G1CollectFull done
Event: 1569.619 Executing VM operation: G1CollectFull

Events (20 events):
Event: 55.817 loading class java/util/concurrent/CompletableFuture$UniRelay done
Event: 56.308 Thread 0x000001c0563ad6a0 Thread added: 0x000001c0563ad6a0
Event: 56.967 loading class java/util/concurrent/atomic/AtomicLongFieldUpdater
Event: 56.971 loading class java/util/concurrent/atomic/AtomicLongFieldUpdater done
Event: 56.971 loading class java/util/concurrent/atomic/AtomicLongFieldUpdater$CASUpdater
Event: 56.971 loading class java/util/concurrent/atomic/AtomicLongFieldUpdater$CASUpdater done
Event: 56.972 loading class java/util/concurrent/atomic/AtomicLongFieldUpdater$CASUpdater$1
Event: 56.972 loading class java/util/concurrent/atomic/AtomicLongFieldUpdater$CASUpdater$1 done
Event: 94.488 loading class java/lang/ProcessBuilder
Event: 94.489 loading class java/lang/ProcessBuilder done
Event: 94.489 loading class java/lang/ProcessImpl
Event: 94.490 loading class java/lang/ProcessImpl done
Event: 94.522 loading class java/lang/ProcessImpl$2
Event: 94.522 loading class java/lang/ProcessImpl$2 done
Event: 94.523 loading class java/lang/Process$PipeInputStream
Event: 94.523 loading class java/lang/Process$PipeInputStream done
Event: 94.524 loading class jdk/internal/event/ProcessStartEvent
Event: 94.525 loading class jdk/internal/event/ProcessStartEvent done
Event: 94.860 loading class java/io/FileOutputStream$1
Event: 94.860 loading class java/io/FileOutputStream$1 done


Dynamic libraries:
0x00007ff7b7660000 - 0x00007ff7b766e000 	c:\Users\usuario\.vscode\extensions\redhat.java-1.32.0-win32-x64\jre\17.0.11-win32-x86_64\bin\java.exe
0x00007ff8994f0000 - 0x00007ff8996e8000 	C:\Windows\SYSTEM32\ntdll.dll
0x00007ff8987c0000 - 0x00007ff898881000 	C:\Windows\System32\KERNEL32.DLL
0x00007ff896f60000 - 0x00007ff897256000 	C:\Windows\System32\KERNELBASE.dll
0x00007ff897260000 - 0x00007ff897360000 	C:\Windows\System32\ucrtbase.dll
0x00007ff88f6e0000 - 0x00007ff88f6f7000 	c:\Users\usuario\.vscode\extensions\redhat.java-1.32.0-win32-x64\jre\17.0.11-win32-x86_64\bin\jli.dll
0x00007ff899290000 - 0x00007ff89942f000 	C:\Windows\System32\USER32.dll
0x00007ff896f30000 - 0x00007ff896f52000 	C:\Windows\System32\win32u.dll
0x00007ff898310000 - 0x00007ff89833b000 	C:\Windows\System32\GDI32.dll
0x00007ff897400000 - 0x00007ff897517000 	C:\Windows\System32\gdi32full.dll
0x00007ff896ba0000 - 0x00007ff896c3d000 	C:\Windows\System32\msvcp_win.dll
0x00007ff88fce0000 - 0x00007ff88fcfb000 	c:\Users\usuario\.vscode\extensions\redhat.java-1.32.0-win32-x64\jre\17.0.11-win32-x86_64\bin\VCRUNTIME140.dll
0x00007ff883270000 - 0x00007ff88350a000 	C:\Windows\WinSxS\amd64_microsoft.windows.common-controls_6595b64144ccf1df_6.0.19041.4355_none_60b8b9eb71f62e16\COMCTL32.dll
0x00007ff898260000 - 0x00007ff8982fe000 	C:\Windows\System32\msvcrt.dll
0x00007ff8986c0000 - 0x00007ff8986ef000 	C:\Windows\System32\IMM32.DLL
0x00007ff88f650000 - 0x00007ff88f65c000 	c:\Users\usuario\.vscode\extensions\redhat.java-1.32.0-win32-x64\jre\17.0.11-win32-x86_64\bin\vcruntime140_1.dll
0x00007ff871560000 - 0x00007ff8715ed000 	c:\Users\usuario\.vscode\extensions\redhat.java-1.32.0-win32-x64\jre\17.0.11-win32-x86_64\bin\msvcp140.dll
0x00007ff849520000 - 0x00007ff84a182000 	c:\Users\usuario\.vscode\extensions\redhat.java-1.32.0-win32-x64\jre\17.0.11-win32-x86_64\bin\server\jvm.dll
0x00007ff897e50000 - 0x00007ff897f00000 	C:\Windows\System32\ADVAPI32.dll
0x00007ff897520000 - 0x00007ff8975c0000 	C:\Windows\System32\sechost.dll
0x00007ff898460000 - 0x00007ff898583000 	C:\Windows\System32\RPCRT4.dll
0x00007ff8973d0000 - 0x00007ff8973f7000 	C:\Windows\System32\bcrypt.dll
0x00007ff8960e0000 - 0x00007ff89612b000 	C:\Windows\SYSTEM32\POWRPROF.dll
0x00007ff877fc0000 - 0x00007ff877fc9000 	C:\Windows\SYSTEM32\WSOCK32.dll
0x00007ff8978d0000 - 0x00007ff89793b000 	C:\Windows\System32\WS2_32.dll
0x00007ff883020000 - 0x00007ff883047000 	C:\Windows\SYSTEM32\WINMM.dll
0x00007ff88e300000 - 0x00007ff88e30a000 	C:\Windows\SYSTEM32\VERSION.dll
0x00007ff895f50000 - 0x00007ff895f62000 	C:\Windows\SYSTEM32\UMPDC.dll
0x00007ff894900000 - 0x00007ff894912000 	C:\Windows\SYSTEM32\kernel.appcore.dll
0x00007ff88f590000 - 0x00007ff88f59a000 	c:\Users\usuario\.vscode\extensions\redhat.java-1.32.0-win32-x64\jre\17.0.11-win32-x86_64\bin\jimage.dll
0x00007ff87fb70000 - 0x00007ff87fd54000 	C:\Windows\SYSTEM32\DBGHELP.DLL
0x00007ff87e150000 - 0x00007ff87e184000 	C:\Windows\SYSTEM32\dbgcore.DLL
0x00007ff896c40000 - 0x00007ff896cc2000 	C:\Windows\System32\bcryptPrimitives.dll
0x00007ff872c60000 - 0x00007ff872c85000 	c:\Users\usuario\.vscode\extensions\redhat.java-1.32.0-win32-x64\jre\17.0.11-win32-x86_64\bin\java.dll
0x00007ff87c0a0000 - 0x00007ff87c0b8000 	c:\Users\usuario\.vscode\extensions\redhat.java-1.32.0-win32-x64\jre\17.0.11-win32-x86_64\bin\zip.dll
0x00007ff898970000 - 0x00007ff8990dc000 	C:\Windows\System32\SHELL32.dll
0x00007ff894be0000 - 0x00007ff89537e000 	C:\Windows\SYSTEM32\windows.storage.dll
0x00007ff897f00000 - 0x00007ff898253000 	C:\Windows\System32\combase.dll
0x00007ff8964e0000 - 0x00007ff89650e000 	C:\Windows\SYSTEM32\Wldp.dll
0x00007ff8986f0000 - 0x00007ff8987bd000 	C:\Windows\System32\OLEAUT32.dll
0x00007ff8985b0000 - 0x00007ff89865d000 	C:\Windows\System32\SHCORE.dll
0x00007ff897700000 - 0x00007ff897755000 	C:\Windows\System32\shlwapi.dll
0x00007ff896ad0000 - 0x00007ff896af4000 	C:\Windows\SYSTEM32\profapi.dll
0x00007ff878a40000 - 0x00007ff878a59000 	C:\Users\usuario\.vscode\extensions\redhat.java-1.32.0-win32-x64\jre\17.0.11-win32-x86_64\bin\net.dll
0x00007ff886ca0000 - 0x00007ff886daa000 	C:\Windows\SYSTEM32\WINHTTP.dll
0x00007ff8962c0000 - 0x00007ff89632a000 	C:\Windows\system32\mswsock.dll
0x00007ff877050000 - 0x00007ff877066000 	C:\Users\usuario\.vscode\extensions\redhat.java-1.32.0-win32-x64\jre\17.0.11-win32-x86_64\bin\nio.dll
0x00007ff88c8b0000 - 0x00007ff88c8c0000 	c:\Users\usuario\.vscode\extensions\redhat.java-1.32.0-win32-x64\jre\17.0.11-win32-x86_64\bin\verify.dll
0x00007ff896850000 - 0x00007ff896868000 	C:\Windows\SYSTEM32\CRYPTSP.dll
0x00007ff895b90000 - 0x00007ff895bc4000 	C:\Windows\system32\rsaenh.dll
0x00007ff896a40000 - 0x00007ff896a6e000 	C:\Windows\SYSTEM32\USERENV.dll
0x00007ff896450000 - 0x00007ff89645c000 	C:\Windows\SYSTEM32\CRYPTBASE.dll
0x00007ff895f70000 - 0x00007ff895fab000 	C:\Windows\SYSTEM32\IPHLPAPI.DLL
0x00007ff897e40000 - 0x00007ff897e48000 	C:\Windows\System32\NSI.dll
0x00007ff88cf90000 - 0x00007ff88cfa7000 	C:\Windows\SYSTEM32\dhcpcsvc6.DLL
0x00007ff88f050000 - 0x00007ff88f06d000 	C:\Windows\SYSTEM32\dhcpcsvc.DLL
0x00007ff895fc0000 - 0x00007ff89608a000 	C:\Windows\SYSTEM32\DNSAPI.dll
0x00007ff88f710000 - 0x00007ff88f719000 	C:\Users\usuario\.vscode\extensions\redhat.java-1.32.0-win32-x64\jre\17.0.11-win32-x86_64\bin\management.dll
0x00007ff88f700000 - 0x00007ff88f70b000 	C:\Users\usuario\.vscode\extensions\redhat.java-1.32.0-win32-x64\jre\17.0.11-win32-x86_64\bin\management_ext.dll
0x00007ff8975c0000 - 0x00007ff8975c8000 	C:\Windows\System32\PSAPI.DLL

dbghelp: loaded successfully - version: 4.0.5 - missing functions: none
symbol engine: initialized successfully - sym options: 0x614 - pdb path: .;c:\Users\usuario\.vscode\extensions\redhat.java-1.32.0-win32-x64\jre\17.0.11-win32-x86_64\bin;C:\Windows\SYSTEM32;C:\Windows\WinSxS\amd64_microsoft.windows.common-controls_6595b64144ccf1df_6.0.19041.4355_none_60b8b9eb71f62e16;c:\Users\usuario\.vscode\extensions\redhat.java-1.32.0-win32-x64\jre\17.0.11-win32-x86_64\bin\server

VM Arguments:
jvm_args: -Xmx1024m -Dsts.lsp.client=vscode -Dsts.log.file=/dev/null -XX:TieredStopAtLevel=1 -Xlog:jni+resolve=off -Dspring.config.location=file:c:\Users\usuario\.vscode\extensions\vmware.vscode-spring-boot-1.55.1\language-server\BOOT-INF\classes\application.properties 
java_command: org.springframework.ide.vscode.boot.app.BootLanguageServerBootApp
java_class_path (initial): c:\Users\usuario\.vscode\extensions\vmware.vscode-spring-boot-1.55.1\language-server\BOOT-INF\classes;c:\Users\usuario\.vscode\extensions\vmware.vscode-spring-boot-1.55.1\language-server\BOOT-INF\lib\annotations-24.1.0.jar;c:\Users\usuario\.vscode\extensions\vmware.vscode-spring-boot-1.55.1\language-server\BOOT-INF\lib\antlr4-runtime-4.13.1.jar;c:\Users\usuario\.vscode\extensions\vmware.vscode-spring-boot-1.55.1\language-server\BOOT-INF\lib\asm-9.7.jar;c:\Users\usuario\.vscode\extensions\vmware.vscode-spring-boot-1.55.1\language-server\BOOT-INF\lib\asm-analysis-9.7.jar;c:\Users\usuario\.vscode\extensions\vmware.vscode-spring-boot-1.55.1\language-server\BOOT-INF\lib\asm-tree-9.7.jar;c:\Users\usuario\.vscode\extensions\vmware.vscode-spring-boot-1.55.1\language-server\BOOT-INF\lib\asm-util-9.7.jar;c:\Users\usuario\.vscode\extensions\vmware.vscode-spring-boot-1.55.1\language-server\BOOT-INF\lib\caffeine-3.1.8.jar;c:\Users\usuario\.vscode\extensions\vmware.vscode-spring-boot-1.55.1\language-server\BOOT-INF\lib\checker-qual-3.12.0.jar;c:\Users\usuario\.vscode\extensions\vmware.vscode-spring-boot-1.55.1\language-server\BOOT-INF\lib\classgraph-4.8.149.jar;c:\Users\usuario\.vscode\extensions\vmware.vscode-spring-boot-1.55.1\language-server\BOOT-INF\lib\commons-codec-1.16.1.jar;c:\Users\usuario\.vscode\extensions\vmware.vscode-spring-boot-1.55.1\language-server\BOOT-INF\lib\commons-compress-1.26.1.jar;c:\Users\usuario\.vscode\extensions\vmware.vscode-spring-boot-1.55.1\language-server\BOOT-INF\lib\commons-io-2.16.1.jar;c:\Users\usuario\.vscode\extensions\vmware.vscode-spring-boot-1.55.1\language-server\BOOT-INF\lib\commons-java-1.55.1-SNAPSHOT.jar;c:\Users\usuario\.vscode\extensions\vmware.vscode-spring-boot-1.55.1\language-server\BOOT-INF\lib\commons-lang3-3.14.0.jar;c:\Users\usuario\.vscode\extensions\vmware.vscode-spring-boot-1.55.1\language-server\BOOT-INF\lib\commons-language-server-1.55.1-SNAPSHOT.jar;c:\Users\usuario\.vscode\extensions\vmwa
Launcher Type: SUN_STANDARD

[Global flags]
     intx CICompilerCount                          = 3                                         {product} {ergonomic}
     uint ConcGCThreads                            = 1                                         {product} {ergonomic}
     uint G1ConcRefinementThreads                  = 4                                         {product} {ergonomic}
   size_t G1HeapRegionSize                         = 1048576                                   {product} {ergonomic}
    uintx GCDrainStackTargetSize                   = 64                                        {product} {ergonomic}
   size_t InitialHeapSize                          = 65011712                                  {product} {ergonomic}
   size_t MarkStackSize                            = 4194304                                   {product} {ergonomic}
   size_t MaxHeapSize                              = 1073741824                                {product} {command line}
   size_t MaxNewSize                               = 643825664                                 {product} {ergonomic}
   size_t MinHeapDeltaBytes                        = 1048576                                   {product} {ergonomic}
   size_t MinHeapSize                              = 8388608                                   {product} {ergonomic}
    uintx NonProfiledCodeHeapSize                  = 0                                      {pd product} {ergonomic}
     bool ProfileInterpreter                       = false                                  {pd product} {command line}
    uintx ProfiledCodeHeapSize                     = 0                                      {pd product} {ergonomic}
   size_t SoftMaxHeapSize                          = 1073741824                             {manageable} {ergonomic}
     intx TieredStopAtLevel                        = 1                                         {product} {command line}
     bool UseCompressedClassPointers               = true                           {product lp64_product} {ergonomic}
     bool UseCompressedOops                        = true                           {product lp64_product} {ergonomic}
     bool UseG1GC                                  = true                                      {product} {ergonomic}
     bool UseLargePagesIndividualAllocation        = false                                  {pd product} {ergonomic}

Logging:
Log output configuration:
 #0: stdout all=warning,jni+resolve=off uptime,level,tags
 #1: stderr all=off uptime,level,tags

Environment Variables:
JAVA_HOME=C:\spring\jdk-17.0.2
PATH=C:\Program Files\Common Files\Oracle\Java\javapath;C:\Program Files (x86)\Common Files\Oracle\Java\javapath;C:\Python311\Scripts\;C:\Python311\;C:\Windows\system32;C:\Windows;C:\Windows\System32\Wbem;C:\Windows\System32\WindowsPowerShell\v1.0\;C:\Windows\System32\OpenSSH\;C:\Users\usuario\AppData\Roaming\nvm;C:\Program Files\nodejs;C:\Program Files\Git\cmd;C:\Program Files\nodejs\;C:\ProgramData\chocolatey\bin;C:\spring\jdk-17.0.2\bin;C:\spring\jdk-18.0.2\bin;C:\Program Files\PuTTY\;C:\xampp\php;C:\ProgramData\ComposerSetup\bin;C:\Program Files\MySQL\MySQL Server 8.3\bin;C:\Program Files\Docker\Docker\resources\bin;C:\MinGW\binPru;C:\msys64\mingw64\bin;C:\Users\usuario\AppData\Local\Programs\Python\Python312\Scripts\;C:\Users\usuario\AppData\Local\Programs\Python\Python312\;C:\Users\usuario\AppData\Local\Microsoft\WindowsApps;C:\Users\usuario\AppData\Roaming\nvm;C:\Program Files\nodejs;C:\Users\usuario\AppData\Local\Programs\Microsoft VS Code\bin;C:\Users\usuario\AppData\Roaming\npm;C:\Program Files\JetBrains\IntelliJ IDEA Community Edition 2024.1\bin;;C:\spring\jdk-18.0.2\bin;C:\Program Files\JetBrains\IntelliJ IDEA 2024.1.1\bin;;C:\Users\usuario\AppData\Roaming\Composer\vendor\bin;C:\Program Files\RabbitMQ Server\rabbitmq_server-3.13.2\sbin;C:\curl;
USERNAME=usuario
OS=Windows_NT
PROCESSOR_IDENTIFIER=Intel64 Family 6 Model 78 Stepping 3, GenuineIntel
TMP=C:\Users\usuario\AppData\Local\Temp
TEMP=C:\Users\usuario\AppData\Local\Temp



Periodic native trim disabled


---------------  S Y S T E M  ---------------

OS:
 Windows 10 , 64 bit Build 19041 (10.0.19041.4597)
OS uptime: 2 days 16:51 hours
Hyper-V role detected

CPU: total 4 (initial active 4) (2 cores per cpu, 2 threads per core) family 6 model 78 stepping 3 microcode 0xcc, cx8, cmov, fxsr, ht, mmx, 3dnowpref, sse, sse2, sse3, ssse3, sse4.1, sse4.2, popcnt, lzcnt, tsc, tscinvbit, avx, avx2, aes, erms, clmul, bmi1, bmi2, adx, fma, vzeroupper, clflush, clflushopt, hv
Processor Information for all 4 processors :
  Max Mhz: 2400, Current Mhz: 2300, Mhz Limit: 2280

Memory: 4k page, system-wide physical 3934M (84M free)
TotalPageFile size 16222M (AvailPageFile size 10M)
current process WorkingSet (physical memory assigned to process): 38M, peak: 122M
current process commit charge ("private bytes"): 183M, peak: 191M

vm_info: OpenJDK 64-Bit Server VM (17.0.11+9) for windows-amd64 JRE (17.0.11+9), built on Apr 17 2024 06:07:48 by "admin" with MS VC++ 16.10 / 16.11 (VS2019)

END.
